02-Dec-2025 17:15:03.049 INFO [main] org.apache.catalina.startup.VersionLoggerListener.log Server version name:   Apache Tomcat/10.1.49
02-Dec-2025 17:15:03.053 INFO [main] org.apache.catalina.startup.VersionLoggerListener.log Server built:          Nov 6 2025 01:31:11 UTC
02-Dec-2025 17:15:03.054 INFO [main] org.apache.catalina.startup.VersionLoggerListener.log Server version number: 10.1.49.0
02-Dec-2025 17:15:03.054 INFO [main] org.apache.catalina.startup.VersionLoggerListener.log OS Name:               Linux
02-Dec-2025 17:15:03.054 INFO [main] org.apache.catalina.startup.VersionLoggerListener.log OS Version:            6.6.87.2-microsoft-standard-WSL2
02-Dec-2025 17:15:03.054 INFO [main] org.apache.catalina.startup.VersionLoggerListener.log Architecture:          amd64
02-Dec-2025 17:15:03.054 INFO [main] org.apache.catalina.startup.VersionLoggerListener.log Java Home:             /opt/java/openjdk
02-Dec-2025 17:15:03.054 INFO [main] org.apache.catalina.startup.VersionLoggerListener.log JVM Version:           25.0.1+8-LTS
02-Dec-2025 17:15:03.055 INFO [main] org.apache.catalina.startup.VersionLoggerListener.log JVM Vendor:            Eclipse Adoptium
02-Dec-2025 17:15:03.055 INFO [main] org.apache.catalina.startup.VersionLoggerListener.log CATALINA_BASE:         /usr/local/tomcat
02-Dec-2025 17:15:03.055 INFO [main] org.apache.catalina.startup.VersionLoggerListener.log CATALINA_HOME:         /usr/local/tomcat
02-Dec-2025 17:15:03.070 INFO [main] org.apache.catalina.startup.VersionLoggerListener.log Command line argument: -Djava.util.logging.config.file=/usr/local/tomcat/conf/logging.properties
02-Dec-2025 17:15:03.071 INFO [main] org.apache.catalina.startup.VersionLoggerListener.log Command line argument: -Djava.util.logging.manager=org.apache.juli.ClassLoaderLogManager
02-Dec-2025 17:15:03.071 INFO [main] org.apache.catalina.startup.VersionLoggerListener.log Command line argument: -Djdk.tls.ephemeralDHKeySize=2048
02-Dec-2025 17:15:03.071 INFO [main] org.apache.catalina.startup.VersionLoggerListener.log Command line argument: -Djava.protocol.handler.pkgs=org.apache.catalina.webresources
02-Dec-2025 17:15:03.071 INFO [main] org.apache.catalina.startup.VersionLoggerListener.log Command line argument: -Dsun.io.useCanonCaches=false
02-Dec-2025 17:15:03.071 INFO [main] org.apache.catalina.startup.VersionLoggerListener.log Command line argument: -Dorg.apache.catalina.security.SecurityListener.UMASK=0027
02-Dec-2025 17:15:03.072 INFO [main] org.apache.catalina.startup.VersionLoggerListener.log Command line argument: --add-opens=java.base/java.lang=ALL-UNNAMED
02-Dec-2025 17:15:03.072 INFO [main] org.apache.catalina.startup.VersionLoggerListener.log Command line argument: --add-opens=java.base/java.lang.reflect=ALL-UNNAMED
02-Dec-2025 17:15:03.072 INFO [main] org.apache.catalina.startup.VersionLoggerListener.log Command line argument: --add-opens=java.base/java.io=ALL-UNNAMED
02-Dec-2025 17:15:03.072 INFO [main] org.apache.catalina.startup.VersionLoggerListener.log Command line argument: --add-opens=java.base/java.util=ALL-UNNAMED
02-Dec-2025 17:15:03.072 INFO [main] org.apache.catalina.startup.VersionLoggerListener.log Command line argument: --add-opens=java.base/java.util.concurrent=ALL-UNNAMED
02-Dec-2025 17:15:03.073 INFO [main] org.apache.catalina.startup.VersionLoggerListener.log Command line argument: --add-opens=java.rmi/sun.rmi.transport=ALL-UNNAMED
02-Dec-2025 17:15:03.073 INFO [main] org.apache.catalina.startup.VersionLoggerListener.log Command line argument: -Dcatalina.base=/usr/local/tomcat
02-Dec-2025 17:15:03.073 INFO [main] org.apache.catalina.startup.VersionLoggerListener.log Command line argument: -Dcatalina.home=/usr/local/tomcat
02-Dec-2025 17:15:03.073 INFO [main] org.apache.catalina.startup.VersionLoggerListener.log Command line argument: -Djava.io.tmpdir=/usr/local/tomcat/temp
02-Dec-2025 17:15:03.079 INFO [main] org.apache.catalina.core.AprLifecycleListener.lifecycleEvent Loaded Apache Tomcat Native library [2.0.9] using APR version [1.7.2].
02-Dec-2025 17:15:03.088 INFO [main] org.apache.catalina.core.AprLifecycleListener.initializeSSL OpenSSL successfully initialized [OpenSSL 3.0.13 30 Jan 2024]
02-Dec-2025 17:15:03.484 INFO [main] org.apache.coyote.AbstractProtocol.init Initializing ProtocolHandler ["http-nio-8080"]
02-Dec-2025 17:15:03.507 INFO [main] org.apache.catalina.startup.Catalina.load Server initialization in [710] milliseconds
02-Dec-2025 17:15:03.554 INFO [main] org.apache.catalina.core.StandardService.startInternal Starting service [Catalina]
02-Dec-2025 17:15:03.555 INFO [main] org.apache.catalina.core.StandardEngine.startInternal Starting Servlet engine: [Apache Tomcat/10.1.49]
02-Dec-2025 17:15:03.718 INFO [main] org.apache.catalina.startup.HostConfig.deployWAR Deploying web application archive [/usr/local/tomcat/webapps/Ubicua.war]
02-Dec-2025 17:15:08.245 WARNING [main] java.util.ArrayList.forEach Name = ubicuabbdd Property maxActive is not used in DBCP2, use maxTotal instead. maxTotal default value is 8. You have set value of "20" for "maxActive" property, which is being ignored.
02-Dec-2025 17:15:08.245 WARNING [main] java.util.ArrayList.forEach Name = ubicuabbdd Property maxWait is not used in DBCP2 , use maxWaitMillis instead. maxWaitMillis default value is PT-0.001S. You have set value of "-1" for "maxWait" property, which is being ignored.
02-Dec-2025 17:15:08.364 INFO [main] org.apache.jasper.servlet.TldScanner.scanJars At least one JAR was scanned for TLDs yet contained no TLDs. Enable debug logging for this logger for a complete list of JARs that were scanned but no TLDs were found in them. Skipping unneeded JARs during scanning can improve startup time and JSP compilation time.
02-Dec-2025 17:15:27.106 INFO [main] org.apache.catalina.startup.HostConfig.deployWAR Deployment of web application archive [/usr/local/tomcat/webapps/Ubicua.war] has finished in [23,387] ms
02-Dec-2025 17:15:27.115 INFO [main] org.apache.coyote.AbstractProtocol.start Starting ProtocolHandler ["http-nio-8080"]
02-Dec-2025 17:15:27.132 INFO [main] org.apache.catalina.startup.Catalina.start Server startup in [23623] milliseconds
