-- UBICUA MQTT LOG --
2025-12-02 18:29:52.177 DEBUG mqtt.MQTTSuscriber.suscribeTopic(MQTTSuscriber.java:17) logmqtt ### Suscribe to topics
2025-12-02 18:29:53.250 DEBUG mqtt.MQTTSuscriber.suscribeTopic(MQTTSuscriber.java:25) logmqtt ### Mqtt Connecting to broker: tcp://localhost:1883
2025-12-02 18:29:53.366 ERROR mqtt.MQTTSuscriber.suscribeTopic(MQTTSuscriber.java:34) logmqtt ### Error suscribing topic: {} org.eclipse.paho.client.mqttv3.MqttException: Unable to connect to server
	at org.eclipse.paho.client.mqttv3.internal.TCPNetworkModule.start(TCPNetworkModule.java:80) ~[org.eclipse.paho.client.mqttv3-1.2.5.jar:?]
	at org.eclipse.paho.client.mqttv3.internal.ClientComms$ConnectBG.run(ClientComms.java:724) ~[org.eclipse.paho.client.mqttv3-1.2.5.jar:?]
	at java.base/java.lang.Thread.run(Thread.java:1474) ~[?:?]
Caused by: java.net.ConnectException: Connection refused
	at java.base/sun.nio.ch.Net.pollConnect(Native Method) ~[?:?]
	at java.base/sun.nio.ch.Net.pollConnectNow(Net.java:639) ~[?:?]
	at java.base/sun.nio.ch.NioSocketImpl.timedFinishConnect(NioSocketImpl.java:543) ~[?:?]
	at java.base/sun.nio.ch.NioSocketImpl.connect(NioSocketImpl.java:594) ~[?:?]
	at java.base/java.net.SocksSocketImpl.connect(SocksSocketImpl.java:284) ~[?:?]
	at java.base/java.net.Socket.connect(Socket.java:659) ~[?:?]
	at org.eclipse.paho.client.mqttv3.internal.TCPNetworkModule.start(TCPNetworkModule.java:74) ~[org.eclipse.paho.client.mqttv3-1.2.5.jar:?]
	... 2 more

2025-12-02 18:29:53.747 INFO  mqtt.MQTTPublisher.publish(MQTTPublisher.java:26) logmqtt ### Connecting to broker: tcp://localhost:1883
2025-12-02 18:29:53.750 ERROR mqtt.MQTTPublisher.publish(MQTTPublisher.java:37) logmqtt ### Error on publishing value: {} org.eclipse.paho.client.mqttv3.MqttException: Unable to connect to server
	at org.eclipse.paho.client.mqttv3.internal.TCPNetworkModule.start(TCPNetworkModule.java:80) ~[org.eclipse.paho.client.mqttv3-1.2.5.jar:?]
	at org.eclipse.paho.client.mqttv3.internal.ClientComms$ConnectBG.run(ClientComms.java:724) ~[org.eclipse.paho.client.mqttv3-1.2.5.jar:?]
	at java.base/java.lang.Thread.run(Thread.java:1474) ~[?:?]
Caused by: java.net.ConnectException: Connection refused
	at java.base/sun.nio.ch.Net.pollConnect(Native Method) ~[?:?]
	at java.base/sun.nio.ch.Net.pollConnectNow(Net.java:639) ~[?:?]
	at java.base/sun.nio.ch.NioSocketImpl.timedFinishConnect(NioSocketImpl.java:543) ~[?:?]
	at java.base/sun.nio.ch.NioSocketImpl.connect(NioSocketImpl.java:594) ~[?:?]
	at java.base/java.net.SocksSocketImpl.connect(SocksSocketImpl.java:284) ~[?:?]
	at java.base/java.net.Socket.connect(Socket.java:659) ~[?:?]
	at org.eclipse.paho.client.mqttv3.internal.TCPNetworkModule.start(TCPNetworkModule.java:74) ~[org.eclipse.paho.client.mqttv3-1.2.5.jar:?]
	... 2 more

2025-12-02 18:41:43.628 DEBUG mqtt.MQTTSuscriber.suscribeTopic(MQTTSuscriber.java:17) logmqtt ### Suscribe to topics
2025-12-02 18:41:44.488 DEBUG mqtt.MQTTSuscriber.suscribeTopic(MQTTSuscriber.java:25) logmqtt ### Mqtt Connecting to broker: tcp://localhost:1883
2025-12-02 18:41:44.566 ERROR mqtt.MQTTSuscriber.suscribeTopic(MQTTSuscriber.java:34) logmqtt ### Error suscribing topic: {} org.eclipse.paho.client.mqttv3.MqttException: Unable to connect to server
	at org.eclipse.paho.client.mqttv3.internal.TCPNetworkModule.start(TCPNetworkModule.java:80) ~[org.eclipse.paho.client.mqttv3-1.2.5.jar:?]
	at org.eclipse.paho.client.mqttv3.internal.ClientComms$ConnectBG.run(ClientComms.java:724) ~[org.eclipse.paho.client.mqttv3-1.2.5.jar:?]
	at java.base/java.lang.Thread.run(Thread.java:1474) ~[?:?]
Caused by: java.net.ConnectException: Connection refused
	at java.base/sun.nio.ch.Net.pollConnect(Native Method) ~[?:?]
	at java.base/sun.nio.ch.Net.pollConnectNow(Net.java:639) ~[?:?]
	at java.base/sun.nio.ch.NioSocketImpl.timedFinishConnect(NioSocketImpl.java:543) ~[?:?]
	at java.base/sun.nio.ch.NioSocketImpl.connect(NioSocketImpl.java:594) ~[?:?]
	at java.base/java.net.SocksSocketImpl.connect(SocksSocketImpl.java:284) ~[?:?]
	at java.base/java.net.Socket.connect(Socket.java:659) ~[?:?]
	at org.eclipse.paho.client.mqttv3.internal.TCPNetworkModule.start(TCPNetworkModule.java:74) ~[org.eclipse.paho.client.mqttv3-1.2.5.jar:?]
	... 2 more

2025-12-02 18:41:44.821 INFO  mqtt.MQTTPublisher.publish(MQTTPublisher.java:26) logmqtt ### Connecting to broker: tcp://localhost:1883
2025-12-02 18:41:44.824 ERROR mqtt.MQTTPublisher.publish(MQTTPublisher.java:37) logmqtt ### Error on publishing value: {} org.eclipse.paho.client.mqttv3.MqttException: Unable to connect to server
	at org.eclipse.paho.client.mqttv3.internal.TCPNetworkModule.start(TCPNetworkModule.java:80) ~[org.eclipse.paho.client.mqttv3-1.2.5.jar:?]
	at org.eclipse.paho.client.mqttv3.internal.ClientComms$ConnectBG.run(ClientComms.java:724) ~[org.eclipse.paho.client.mqttv3-1.2.5.jar:?]
	at java.base/java.lang.Thread.run(Thread.java:1474) ~[?:?]
Caused by: java.net.ConnectException: Connection refused
	at java.base/sun.nio.ch.Net.pollConnect(Native Method) ~[?:?]
	at java.base/sun.nio.ch.Net.pollConnectNow(Net.java:639) ~[?:?]
	at java.base/sun.nio.ch.NioSocketImpl.timedFinishConnect(NioSocketImpl.java:543) ~[?:?]
	at java.base/sun.nio.ch.NioSocketImpl.connect(NioSocketImpl.java:594) ~[?:?]
	at java.base/java.net.SocksSocketImpl.connect(SocksSocketImpl.java:284) ~[?:?]
	at java.base/java.net.Socket.connect(Socket.java:659) ~[?:?]
	at org.eclipse.paho.client.mqttv3.internal.TCPNetworkModule.start(TCPNetworkModule.java:74) ~[org.eclipse.paho.client.mqttv3-1.2.5.jar:?]
	... 2 more

2025-12-02 18:50:19.993 DEBUG mqtt.MQTTSuscriber.suscribeTopic(MQTTSuscriber.java:17) logmqtt ### Suscribe to topics
2025-12-02 18:50:20.931 DEBUG mqtt.MQTTSuscriber.suscribeTopic(MQTTSuscriber.java:25) logmqtt ### Mqtt Connecting to broker: tcp://localhost:1883
2025-12-02 18:50:21.011 ERROR mqtt.MQTTSuscriber.suscribeTopic(MQTTSuscriber.java:34) logmqtt ### Error suscribing topic: {} org.eclipse.paho.client.mqttv3.MqttException: Unable to connect to server
	at org.eclipse.paho.client.mqttv3.internal.TCPNetworkModule.start(TCPNetworkModule.java:80) ~[org.eclipse.paho.client.mqttv3-1.2.5.jar:?]
	at org.eclipse.paho.client.mqttv3.internal.ClientComms$ConnectBG.run(ClientComms.java:724) ~[org.eclipse.paho.client.mqttv3-1.2.5.jar:?]
	at java.base/java.lang.Thread.run(Thread.java:1474) ~[?:?]
Caused by: java.net.ConnectException: Connection refused
	at java.base/sun.nio.ch.Net.pollConnect(Native Method) ~[?:?]
	at java.base/sun.nio.ch.Net.pollConnectNow(Net.java:639) ~[?:?]
	at java.base/sun.nio.ch.NioSocketImpl.timedFinishConnect(NioSocketImpl.java:543) ~[?:?]
	at java.base/sun.nio.ch.NioSocketImpl.connect(NioSocketImpl.java:594) ~[?:?]
	at java.base/java.net.SocksSocketImpl.connect(SocksSocketImpl.java:284) ~[?:?]
	at java.base/java.net.Socket.connect(Socket.java:659) ~[?:?]
	at org.eclipse.paho.client.mqttv3.internal.TCPNetworkModule.start(TCPNetworkModule.java:74) ~[org.eclipse.paho.client.mqttv3-1.2.5.jar:?]
	... 2 more

2025-12-02 18:50:21.303 INFO  mqtt.MQTTPublisher.publish(MQTTPublisher.java:26) logmqtt ### Connecting to broker: tcp://localhost:1883
2025-12-02 18:50:21.306 ERROR mqtt.MQTTPublisher.publish(MQTTPublisher.java:37) logmqtt ### Error on publishing value: {} org.eclipse.paho.client.mqttv3.MqttException: Unable to connect to server
	at org.eclipse.paho.client.mqttv3.internal.TCPNetworkModule.start(TCPNetworkModule.java:80) ~[org.eclipse.paho.client.mqttv3-1.2.5.jar:?]
	at org.eclipse.paho.client.mqttv3.internal.ClientComms$ConnectBG.run(ClientComms.java:724) ~[org.eclipse.paho.client.mqttv3-1.2.5.jar:?]
	at java.base/java.lang.Thread.run(Thread.java:1474) ~[?:?]
Caused by: java.net.ConnectException: Connection refused
	at java.base/sun.nio.ch.Net.pollConnect(Native Method) ~[?:?]
	at java.base/sun.nio.ch.Net.pollConnectNow(Net.java:639) ~[?:?]
	at java.base/sun.nio.ch.NioSocketImpl.timedFinishConnect(NioSocketImpl.java:543) ~[?:?]
	at java.base/sun.nio.ch.NioSocketImpl.connect(NioSocketImpl.java:594) ~[?:?]
	at java.base/java.net.SocksSocketImpl.connect(SocksSocketImpl.java:284) ~[?:?]
	at java.base/java.net.Socket.connect(Socket.java:659) ~[?:?]
	at org.eclipse.paho.client.mqttv3.internal.TCPNetworkModule.start(TCPNetworkModule.java:74) ~[org.eclipse.paho.client.mqttv3-1.2.5.jar:?]
	... 2 more

2025-12-02 19:13:10.265 DEBUG mqtt.MQTTSuscriber.suscribeTopic(MQTTSuscriber.java:17) logmqtt ### Suscribe to topics
2025-12-02 19:13:11.105 DEBUG mqtt.MQTTSuscriber.suscribeTopic(MQTTSuscriber.java:25) logmqtt ### Mqtt Connecting to broker: tcp://localhost:1883
2025-12-02 19:13:11.194 ERROR mqtt.MQTTSuscriber.suscribeTopic(MQTTSuscriber.java:34) logmqtt ### Error suscribing topic: {} org.eclipse.paho.client.mqttv3.MqttException: Unable to connect to server
	at org.eclipse.paho.client.mqttv3.internal.TCPNetworkModule.start(TCPNetworkModule.java:80) ~[org.eclipse.paho.client.mqttv3-1.2.5.jar:?]
	at org.eclipse.paho.client.mqttv3.internal.ClientComms$ConnectBG.run(ClientComms.java:724) ~[org.eclipse.paho.client.mqttv3-1.2.5.jar:?]
	at java.base/java.lang.Thread.run(Thread.java:1474) ~[?:?]
Caused by: java.net.ConnectException: Connection refused
	at java.base/sun.nio.ch.Net.pollConnect(Native Method) ~[?:?]
	at java.base/sun.nio.ch.Net.pollConnectNow(Net.java:639) ~[?:?]
	at java.base/sun.nio.ch.NioSocketImpl.timedFinishConnect(NioSocketImpl.java:543) ~[?:?]
	at java.base/sun.nio.ch.NioSocketImpl.connect(NioSocketImpl.java:594) ~[?:?]
	at java.base/java.net.SocksSocketImpl.connect(SocksSocketImpl.java:284) ~[?:?]
	at java.base/java.net.Socket.connect(Socket.java:659) ~[?:?]
	at org.eclipse.paho.client.mqttv3.internal.TCPNetworkModule.start(TCPNetworkModule.java:74) ~[org.eclipse.paho.client.mqttv3-1.2.5.jar:?]
	... 2 more

2025-12-02 19:13:11.500 INFO  mqtt.MQTTPublisher.publish(MQTTPublisher.java:26) logmqtt ### Connecting to broker: tcp://localhost:1883
2025-12-02 19:13:11.504 ERROR mqtt.MQTTPublisher.publish(MQTTPublisher.java:37) logmqtt ### Error on publishing value: {} org.eclipse.paho.client.mqttv3.MqttException: Unable to connect to server
	at org.eclipse.paho.client.mqttv3.internal.TCPNetworkModule.start(TCPNetworkModule.java:80) ~[org.eclipse.paho.client.mqttv3-1.2.5.jar:?]
	at org.eclipse.paho.client.mqttv3.internal.ClientComms$ConnectBG.run(ClientComms.java:724) ~[org.eclipse.paho.client.mqttv3-1.2.5.jar:?]
	at java.base/java.lang.Thread.run(Thread.java:1474) ~[?:?]
Caused by: java.net.ConnectException: Connection refused
	at java.base/sun.nio.ch.Net.pollConnect(Native Method) ~[?:?]
	at java.base/sun.nio.ch.Net.pollConnectNow(Net.java:639) ~[?:?]
	at java.base/sun.nio.ch.NioSocketImpl.timedFinishConnect(NioSocketImpl.java:543) ~[?:?]
	at java.base/sun.nio.ch.NioSocketImpl.connect(NioSocketImpl.java:594) ~[?:?]
	at java.base/java.net.SocksSocketImpl.connect(SocksSocketImpl.java:284) ~[?:?]
	at java.base/java.net.Socket.connect(Socket.java:659) ~[?:?]
	at org.eclipse.paho.client.mqttv3.internal.TCPNetworkModule.start(TCPNetworkModule.java:74) ~[org.eclipse.paho.client.mqttv3-1.2.5.jar:?]
	... 2 more

2025-12-02 19:45:08.467 DEBUG mqtt.MQTTSuscriber.suscribeTopic(MQTTSuscriber.java:17) logmqtt ### Suscribe to topics
2025-12-02 19:45:09.233 DEBUG mqtt.MQTTSuscriber.suscribeTopic(MQTTSuscriber.java:25) logmqtt ### Mqtt Connecting to broker: tcp://localhost:1883
2025-12-02 19:45:09.311 ERROR mqtt.MQTTSuscriber.suscribeTopic(MQTTSuscriber.java:34) logmqtt ### Error suscribing topic: {} org.eclipse.paho.client.mqttv3.MqttException: Unable to connect to server
	at org.eclipse.paho.client.mqttv3.internal.TCPNetworkModule.start(TCPNetworkModule.java:80) ~[org.eclipse.paho.client.mqttv3-1.2.5.jar:?]
	at org.eclipse.paho.client.mqttv3.internal.ClientComms$ConnectBG.run(ClientComms.java:724) ~[org.eclipse.paho.client.mqttv3-1.2.5.jar:?]
	at java.base/java.lang.Thread.run(Thread.java:1474) ~[?:?]
Caused by: java.net.ConnectException: Connection refused
	at java.base/sun.nio.ch.Net.pollConnect(Native Method) ~[?:?]
	at java.base/sun.nio.ch.Net.pollConnectNow(Net.java:639) ~[?:?]
	at java.base/sun.nio.ch.NioSocketImpl.timedFinishConnect(NioSocketImpl.java:543) ~[?:?]
	at java.base/sun.nio.ch.NioSocketImpl.connect(NioSocketImpl.java:594) ~[?:?]
	at java.base/java.net.SocksSocketImpl.connect(SocksSocketImpl.java:284) ~[?:?]
	at java.base/java.net.Socket.connect(Socket.java:659) ~[?:?]
	at org.eclipse.paho.client.mqttv3.internal.TCPNetworkModule.start(TCPNetworkModule.java:74) ~[org.eclipse.paho.client.mqttv3-1.2.5.jar:?]
	... 2 more

2025-12-02 19:45:09.579 INFO  mqtt.MQTTPublisher.publish(MQTTPublisher.java:26) logmqtt ### Connecting to broker: tcp://localhost:1883
2025-12-02 19:45:09.582 ERROR mqtt.MQTTPublisher.publish(MQTTPublisher.java:37) logmqtt ### Error on publishing value: {} org.eclipse.paho.client.mqttv3.MqttException: Unable to connect to server
	at org.eclipse.paho.client.mqttv3.internal.TCPNetworkModule.start(TCPNetworkModule.java:80) ~[org.eclipse.paho.client.mqttv3-1.2.5.jar:?]
	at org.eclipse.paho.client.mqttv3.internal.ClientComms$ConnectBG.run(ClientComms.java:724) ~[org.eclipse.paho.client.mqttv3-1.2.5.jar:?]
	at java.base/java.lang.Thread.run(Thread.java:1474) ~[?:?]
Caused by: java.net.ConnectException: Connection refused
	at java.base/sun.nio.ch.Net.pollConnect(Native Method) ~[?:?]
	at java.base/sun.nio.ch.Net.pollConnectNow(Net.java:639) ~[?:?]
	at java.base/sun.nio.ch.NioSocketImpl.timedFinishConnect(NioSocketImpl.java:543) ~[?:?]
	at java.base/sun.nio.ch.NioSocketImpl.connect(NioSocketImpl.java:594) ~[?:?]
	at java.base/java.net.SocksSocketImpl.connect(SocksSocketImpl.java:284) ~[?:?]
	at java.base/java.net.Socket.connect(Socket.java:659) ~[?:?]
	at org.eclipse.paho.client.mqttv3.internal.TCPNetworkModule.start(TCPNetworkModule.java:74) ~[org.eclipse.paho.client.mqttv3-1.2.5.jar:?]
	... 2 more

2025-12-03 07:20:27.658 DEBUG mqtt.MQTTSuscriber.suscribeTopic(MQTTSuscriber.java:17) logmqtt ### Suscribe to topics
2025-12-03 07:20:28.936 DEBUG mqtt.MQTTSuscriber.suscribeTopic(MQTTSuscriber.java:25) logmqtt ### Mqtt Connecting to broker: tcp://localhost:1883
2025-12-03 07:20:29.058 ERROR mqtt.MQTTSuscriber.suscribeTopic(MQTTSuscriber.java:34) logmqtt ### Error suscribing topic: {} org.eclipse.paho.client.mqttv3.MqttException: Unable to connect to server
	at org.eclipse.paho.client.mqttv3.internal.TCPNetworkModule.start(TCPNetworkModule.java:80) ~[org.eclipse.paho.client.mqttv3-1.2.5.jar:?]
	at org.eclipse.paho.client.mqttv3.internal.ClientComms$ConnectBG.run(ClientComms.java:724) ~[org.eclipse.paho.client.mqttv3-1.2.5.jar:?]
	at java.base/java.lang.Thread.run(Thread.java:1474) ~[?:?]
Caused by: java.net.ConnectException: Connection refused
	at java.base/sun.nio.ch.Net.pollConnect(Native Method) ~[?:?]
	at java.base/sun.nio.ch.Net.pollConnectNow(Net.java:639) ~[?:?]
	at java.base/sun.nio.ch.NioSocketImpl.timedFinishConnect(NioSocketImpl.java:543) ~[?:?]
	at java.base/sun.nio.ch.NioSocketImpl.connect(NioSocketImpl.java:594) ~[?:?]
	at java.base/java.net.SocksSocketImpl.connect(SocksSocketImpl.java:284) ~[?:?]
	at java.base/java.net.Socket.connect(Socket.java:659) ~[?:?]
	at org.eclipse.paho.client.mqttv3.internal.TCPNetworkModule.start(TCPNetworkModule.java:74) ~[org.eclipse.paho.client.mqttv3-1.2.5.jar:?]
	... 2 more

2025-12-03 07:20:29.377 INFO  mqtt.MQTTPublisher.publish(MQTTPublisher.java:26) logmqtt ### Connecting to broker: tcp://localhost:1883
2025-12-03 07:20:29.381 ERROR mqtt.MQTTPublisher.publish(MQTTPublisher.java:37) logmqtt ### Error on publishing value: {} org.eclipse.paho.client.mqttv3.MqttException: Unable to connect to server
	at org.eclipse.paho.client.mqttv3.internal.TCPNetworkModule.start(TCPNetworkModule.java:80) ~[org.eclipse.paho.client.mqttv3-1.2.5.jar:?]
	at org.eclipse.paho.client.mqttv3.internal.ClientComms$ConnectBG.run(ClientComms.java:724) ~[org.eclipse.paho.client.mqttv3-1.2.5.jar:?]
	at java.base/java.lang.Thread.run(Thread.java:1474) ~[?:?]
Caused by: java.net.ConnectException: Connection refused
	at java.base/sun.nio.ch.Net.pollConnect(Native Method) ~[?:?]
	at java.base/sun.nio.ch.Net.pollConnectNow(Net.java:639) ~[?:?]
	at java.base/sun.nio.ch.NioSocketImpl.timedFinishConnect(NioSocketImpl.java:543) ~[?:?]
	at java.base/sun.nio.ch.NioSocketImpl.connect(NioSocketImpl.java:594) ~[?:?]
	at java.base/java.net.SocksSocketImpl.connect(SocksSocketImpl.java:284) ~[?:?]
	at java.base/java.net.Socket.connect(Socket.java:659) ~[?:?]
	at org.eclipse.paho.client.mqttv3.internal.TCPNetworkModule.start(TCPNetworkModule.java:74) ~[org.eclipse.paho.client.mqttv3-1.2.5.jar:?]
	... 2 more

2025-12-03 20:09:28.380 ERROR mqtt.MQTTSuscriber.subscribeTopic(MQTTSuscriber.java:43) logmqtt ### Error subscribing to topic: {}
org.eclipse.paho.client.mqttv3.MqttException: MqttException
	at org.eclipse.paho.client.mqttv3.internal.ExceptionHelper.createMqttException(ExceptionHelper.java:38)
	at org.eclipse.paho.client.mqttv3.internal.ClientComms$ConnectBG.run(ClientComms.java:738)
	at java.base/java.lang.Thread.run(Thread.java:1474)
Caused by: java.net.UnknownHostException: mqtt-broker
	at java.base/sun.nio.ch.NioSocketImpl.connect(NioSocketImpl.java:569)
	at java.base/java.net.SocksSocketImpl.connect(SocksSocketImpl.java:284)
	at java.base/java.net.Socket.connect(Socket.java:659)
	at org.eclipse.paho.client.mqttv3.internal.TCPNetworkModule.start(TCPNetworkModule.java:74)
	at org.eclipse.paho.client.mqttv3.internal.ClientComms$ConnectBG.run(ClientComms.java:724)
	... 1 more

2025-12-03 20:09:28.651 INFO  mqtt.MQTTPublisher.publish(MQTTPublisher.java:26) logmqtt ### Connecting to broker: tcp://mqtt-broker:1883
2025-12-03 20:09:28.655 ERROR mqtt.MQTTPublisher.publish(MQTTPublisher.java:37) logmqtt ### Error on publishing value: {}
org.eclipse.paho.client.mqttv3.MqttException: MqttException
	at org.eclipse.paho.client.mqttv3.internal.ExceptionHelper.createMqttException(ExceptionHelper.java:38)
	at org.eclipse.paho.client.mqttv3.internal.ClientComms$ConnectBG.run(ClientComms.java:738)
	at java.base/java.lang.Thread.run(Thread.java:1474)
Caused by: java.net.UnknownHostException: mqtt-broker
	at java.base/sun.nio.ch.NioSocketImpl.connect(NioSocketImpl.java:569)
	at java.base/java.net.SocksSocketImpl.connect(SocksSocketImpl.java:284)
	at java.base/java.net.Socket.connect(Socket.java:659)
	at org.eclipse.paho.client.mqttv3.internal.TCPNetworkModule.start(TCPNetworkModule.java:74)
	at org.eclipse.paho.client.mqttv3.internal.ClientComms$ConnectBG.run(ClientComms.java:724)
	... 1 more

2025-12-03 20:13:39.879 ERROR mqtt.MQTTSuscriber.subscribeTopic(MQTTSuscriber.java:43) logmqtt ### Error subscribing to topic: {}
org.eclipse.paho.client.mqttv3.MqttException: MqttException
	at org.eclipse.paho.client.mqttv3.internal.ExceptionHelper.createMqttException(ExceptionHelper.java:38)
	at org.eclipse.paho.client.mqttv3.internal.ClientComms$ConnectBG.run(ClientComms.java:738)
	at java.base/java.lang.Thread.run(Thread.java:1474)
Caused by: java.net.UnknownHostException: mqtt-broker
	at java.base/sun.nio.ch.NioSocketImpl.connect(NioSocketImpl.java:569)
	at java.base/java.net.SocksSocketImpl.connect(SocksSocketImpl.java:284)
	at java.base/java.net.Socket.connect(Socket.java:659)
	at org.eclipse.paho.client.mqttv3.internal.TCPNetworkModule.start(TCPNetworkModule.java:74)
	at org.eclipse.paho.client.mqttv3.internal.ClientComms$ConnectBG.run(ClientComms.java:724)
	... 1 more

2025-12-03 20:13:40.374 INFO  mqtt.MQTTPublisher.publish(MQTTPublisher.java:26) logmqtt ### Connecting to broker: tcp://mqtt-broker:1883
2025-12-03 20:13:40.378 ERROR mqtt.MQTTPublisher.publish(MQTTPublisher.java:37) logmqtt ### Error on publishing value: {}
org.eclipse.paho.client.mqttv3.MqttException: MqttException
	at org.eclipse.paho.client.mqttv3.internal.ExceptionHelper.createMqttException(ExceptionHelper.java:38)
	at org.eclipse.paho.client.mqttv3.internal.ClientComms$ConnectBG.run(ClientComms.java:738)
	at java.base/java.lang.Thread.run(Thread.java:1474)
Caused by: java.net.UnknownHostException: mqtt-broker
	at java.base/sun.nio.ch.NioSocketImpl.connect(NioSocketImpl.java:569)
	at java.base/java.net.SocksSocketImpl.connect(SocksSocketImpl.java:284)
	at java.base/java.net.Socket.connect(Socket.java:659)
	at org.eclipse.paho.client.mqttv3.internal.TCPNetworkModule.start(TCPNetworkModule.java:74)
	at org.eclipse.paho.client.mqttv3.internal.ClientComms$ConnectBG.run(ClientComms.java:724)
	... 1 more

2025-12-04 01:08:51.081 ERROR mqtt.MQTTSuscriber.subscribeTopic(MQTTSuscriber.java:43) logmqtt ### Error subscribing to topic: {}
org.eclipse.paho.client.mqttv3.MqttException: MqttException
	at org.eclipse.paho.client.mqttv3.internal.ExceptionHelper.createMqttException(ExceptionHelper.java:38)
	at org.eclipse.paho.client.mqttv3.internal.ClientComms$ConnectBG.run(ClientComms.java:738)
	at java.base/java.lang.Thread.run(Thread.java:1474)
Caused by: java.net.UnknownHostException: mqtt-broker
	at java.base/sun.nio.ch.NioSocketImpl.connect(NioSocketImpl.java:569)
	at java.base/java.net.SocksSocketImpl.connect(SocksSocketImpl.java:284)
	at java.base/java.net.Socket.connect(Socket.java:659)
	at org.eclipse.paho.client.mqttv3.internal.TCPNetworkModule.start(TCPNetworkModule.java:74)
	at org.eclipse.paho.client.mqttv3.internal.ClientComms$ConnectBG.run(ClientComms.java:724)
	... 1 more

2025-12-04 01:08:51.222 INFO  mqtt.MQTTPublisher.publish(MQTTPublisher.java:26) logmqtt ### Connecting to broker: tcp://mqtt-broker:1883
2025-12-04 01:08:51.224 ERROR mqtt.MQTTPublisher.publish(MQTTPublisher.java:37) logmqtt ### Error on publishing value: {}
org.eclipse.paho.client.mqttv3.MqttException: MqttException
	at org.eclipse.paho.client.mqttv3.internal.ExceptionHelper.createMqttException(ExceptionHelper.java:38)
	at org.eclipse.paho.client.mqttv3.internal.ClientComms$ConnectBG.run(ClientComms.java:738)
	at java.base/java.lang.Thread.run(Thread.java:1474)
Caused by: java.net.UnknownHostException: mqtt-broker
	at java.base/sun.nio.ch.NioSocketImpl.connect(NioSocketImpl.java:569)
	at java.base/java.net.SocksSocketImpl.connect(SocksSocketImpl.java:284)
	at java.base/java.net.Socket.connect(Socket.java:659)
	at org.eclipse.paho.client.mqttv3.internal.TCPNetworkModule.start(TCPNetworkModule.java:74)
	at org.eclipse.paho.client.mqttv3.internal.ClientComms$ConnectBG.run(ClientComms.java:724)
	... 1 more
